{"/Users/joshjarmain/Development/nanny/service/server/models/models.js":{"path":"/Users/joshjarmain/Development/nanny/service/server/models/models.js","s":{"1":1,"2":2,"3":2,"4":2,"5":1,"6":1},"b":{"1":[2,0]},"f":{"1":2},"fnMap":{"1":{"name":"__export","line":2,"loc":{"start":{"line":2,"column":0},"end":{"line":2,"column":21}}}},"statementMap":{"1":{"start":{"line":2,"column":0},"end":{"line":4,"column":1}},"2":{"start":{"line":3,"column":4},"end":{"line":3,"column":71}},"3":{"start":{"line":3,"column":21},"end":{"line":3,"column":71}},"4":{"start":{"line":3,"column":53},"end":{"line":3,"column":71}},"5":{"start":{"line":5,"column":0},"end":{"line":5,"column":36}},"6":{"start":{"line":6,"column":0},"end":{"line":6,"column":34}}},"branchMap":{"1":{"line":3,"type":"if","locations":[{"start":{"line":3,"column":21},"end":{"line":3,"column":21}},{"start":{"line":3,"column":21},"end":{"line":3,"column":21}}]}}},"/Users/joshjarmain/Development/nanny/service/server/models/author/model.js":{"path":"/Users/joshjarmain/Development/nanny/service/server/models/author/model.js","s":{"1":1,"2":1,"3":1,"4":1,"5":1,"6":1,"7":1,"8":1},"b":{},"f":{},"fnMap":{},"statementMap":{"1":{"start":{"line":2,"column":0},"end":{"line":2,"column":54}},"2":{"start":{"line":3,"column":0},"end":{"line":3,"column":39}},"3":{"start":{"line":4,"column":0},"end":{"line":19,"column":3}},"4":{"start":{"line":20,"column":0},"end":{"line":30,"column":3}},"5":{"start":{"line":21,"column":4},"end":{"line":29,"column":16}},"6":{"start":{"line":31,"column":0},"end":{"line":41,"column":3}},"7":{"start":{"line":32,"column":4},"end":{"line":40,"column":16}},"8":{"start":{"line":42,"column":0},"end":{"line":42,"column":61}}},"branchMap":{}},"/Users/joshjarmain/Development/nanny/service/server/services/database.js":{"path":"/Users/joshjarmain/Development/nanny/service/server/services/database.js","s":{"1":1,"2":1,"3":1,"4":1,"5":1,"6":1,"7":1,"8":0},"b":{"1":[1,0]},"f":{},"fnMap":{},"statementMap":{"1":{"start":{"line":2,"column":0},"end":{"line":2,"column":37}},"2":{"start":{"line":3,"column":0},"end":{"line":3,"column":28}},"3":{"start":{"line":4,"column":0},"end":{"line":4,"column":39}},"4":{"start":{"line":5,"column":0},"end":{"line":5,"column":34}},"5":{"start":{"line":6,"column":0},"end":{"line":11,"column":1}},"6":{"start":{"line":7,"column":4},"end":{"line":7,"column":93}},"7":{"start":{"line":7,"column":37},"end":{"line":7,"column":89}},"8":{"start":{"line":10,"column":4},"end":{"line":10,"column":64}}},"branchMap":{"1":{"line":6,"type":"if","locations":[{"start":{"line":6,"column":0},"end":{"line":6,"column":0}},{"start":{"line":6,"column":0},"end":{"line":6,"column":0}}]}}},"/Users/joshjarmain/Development/nanny/service/server/models/post/model.js":{"path":"/Users/joshjarmain/Development/nanny/service/server/models/post/model.js","s":{"1":1,"2":1,"3":1,"4":1,"5":1,"6":1},"b":{},"f":{},"fnMap":{},"statementMap":{"1":{"start":{"line":3,"column":0},"end":{"line":3,"column":54}},"2":{"start":{"line":4,"column":0},"end":{"line":4,"column":39}},"3":{"start":{"line":5,"column":0},"end":{"line":16,"column":3}},"4":{"start":{"line":17,"column":0},"end":{"line":22,"column":3}},"5":{"start":{"line":18,"column":4},"end":{"line":21,"column":16}},"6":{"start":{"line":23,"column":0},"end":{"line":23,"column":57}}},"branchMap":{}},"/Users/joshjarmain/Development/nanny/service/server/app.js":{"path":"/Users/joshjarmain/Development/nanny/service/server/app.js","s":{"1":1,"2":1,"3":1,"4":1,"5":1,"6":1,"7":1,"8":1,"9":0,"10":1,"11":0,"12":0,"13":1,"14":1,"15":1,"16":1},"b":{"1":[0,0]},"f":{},"fnMap":{},"statementMap":{"1":{"start":{"line":2,"column":0},"end":{"line":2,"column":35}},"2":{"start":{"line":3,"column":0},"end":{"line":3,"column":45}},"3":{"start":{"line":4,"column":0},"end":{"line":4,"column":40}},"4":{"start":{"line":5,"column":0},"end":{"line":5,"column":44}},"5":{"start":{"line":6,"column":0},"end":{"line":6,"column":22}},"6":{"start":{"line":7,"column":0},"end":{"line":7,"column":30}},"7":{"start":{"line":8,"column":0},"end":{"line":10,"column":4}},"8":{"start":{"line":11,"column":0},"end":{"line":15,"column":3}},"9":{"start":{"line":12,"column":4},"end":{"line":14,"column":7}},"10":{"start":{"line":16,"column":0},"end":{"line":21,"column":3}},"11":{"start":{"line":17,"column":4},"end":{"line":17,"column":39}},"12":{"start":{"line":18,"column":4},"end":{"line":20,"column":7}},"13":{"start":{"line":22,"column":0},"end":{"line":22,"column":44}},"14":{"start":{"line":23,"column":0},"end":{"line":23,"column":57}},"15":{"start":{"line":24,"column":0},"end":{"line":24,"column":32}},"16":{"start":{"line":25,"column":0},"end":{"line":25,"column":24}}},"branchMap":{"1":{"line":17,"type":"binary-expr","locations":[{"start":{"line":17,"column":20},"end":{"line":17,"column":30}},{"start":{"line":17,"column":34},"end":{"line":17,"column":37}}]}}},"/Users/joshjarmain/Development/nanny/service/server/routes/post.js":{"path":"/Users/joshjarmain/Development/nanny/service/server/routes/post.js","s":{"1":1,"2":0,"3":1,"4":0,"5":0,"6":0,"7":1,"8":0,"9":0,"10":0,"11":1,"12":0,"13":0,"14":0,"15":1,"16":1,"17":1,"18":1,"19":0,"20":0,"21":0,"22":0,"23":0,"24":0,"25":0,"26":0,"27":0,"28":1},"b":{"1":[1,1,1],"2":[0,0],"3":[0,0]},"f":{"1":0,"2":0,"3":0,"4":0,"5":0,"6":0,"7":1,"8":0,"9":0},"fnMap":{"1":{"name":"(anonymous_1)","line":2,"loc":{"start":{"line":2,"column":44},"end":{"line":2,"column":89}}},"2":{"name":"(anonymous_2)","line":3,"loc":{"start":{"line":3,"column":36},"end":{"line":3,"column":63}}},"3":{"name":"fulfilled","line":4,"loc":{"start":{"line":4,"column":8},"end":{"line":4,"column":34}}},"4":{"name":"rejected","line":5,"loc":{"start":{"line":5,"column":8},"end":{"line":5,"column":33}}},"5":{"name":"step","line":6,"loc":{"start":{"line":6,"column":8},"end":{"line":6,"column":30}}},"6":{"name":"(anonymous_6)","line":6,"loc":{"start":{"line":6,"column":76},"end":{"line":6,"column":95}}},"7":{"name":"(anonymous_7)","line":14,"loc":{"start":{"line":14,"column":17},"end":{"line":14,"column":20}}},"8":{"name":"(anonymous_8)","line":16,"loc":{"start":{"line":16,"column":81},"end":{"line":16,"column":94}}},"9":{"name":"(anonymous_9)","line":20,"loc":{"start":{"line":20,"column":82},"end":{"line":20,"column":95}}}},"statementMap":{"1":{"start":{"line":2,"column":0},"end":{"line":9,"column":2}},"2":{"start":{"line":3,"column":4},"end":{"line":8,"column":7}},"3":{"start":{"line":4,"column":8},"end":{"line":4,"column":99}},"4":{"start":{"line":4,"column":36},"end":{"line":4,"column":97}},"5":{"start":{"line":4,"column":42},"end":{"line":4,"column":70}},"6":{"start":{"line":4,"column":85},"end":{"line":4,"column":95}},"7":{"start":{"line":5,"column":8},"end":{"line":5,"column":99}},"8":{"start":{"line":5,"column":35},"end":{"line":5,"column":97}},"9":{"start":{"line":5,"column":41},"end":{"line":5,"column":70}},"10":{"start":{"line":5,"column":85},"end":{"line":5,"column":95}},"11":{"start":{"line":6,"column":8},"end":{"line":6,"column":151}},"12":{"start":{"line":6,"column":32},"end":{"line":6,"column":149}},"13":{"start":{"line":6,"column":97},"end":{"line":6,"column":119}},"14":{"start":{"line":7,"column":8},"end":{"line":7,"column":72}},"15":{"start":{"line":10,"column":0},"end":{"line":10,"column":37}},"16":{"start":{"line":11,"column":0},"end":{"line":11,"column":48}},"17":{"start":{"line":12,"column":0},"end":{"line":12,"column":50}},"18":{"start":{"line":15,"column":8},"end":{"line":26,"column":12}},"19":{"start":{"line":16,"column":49},"end":{"line":19,"column":10}},"20":{"start":{"line":17,"column":12},"end":{"line":17,"column":80}},"21":{"start":{"line":18,"column":12},"end":{"line":18,"column":33}},"22":{"start":{"line":20,"column":50},"end":{"line":26,"column":10}},"23":{"start":{"line":21,"column":12},"end":{"line":21,"column":36}},"24":{"start":{"line":22,"column":12},"end":{"line":22,"column":63}},"25":{"start":{"line":23,"column":12},"end":{"line":23,"column":37}},"26":{"start":{"line":24,"column":12},"end":{"line":24,"column":57}},"27":{"start":{"line":25,"column":12},"end":{"line":25,"column":32}},"28":{"start":{"line":29,"column":0},"end":{"line":29,"column":32}}},"branchMap":{"1":{"line":2,"type":"binary-expr","locations":[{"start":{"line":2,"column":17},"end":{"line":2,"column":21}},{"start":{"line":2,"column":25},"end":{"line":2,"column":39}},{"start":{"line":2,"column":44},"end":{"line":9,"column":1}}]},"2":{"line":3,"type":"binary-expr","locations":[{"start":{"line":3,"column":16},"end":{"line":3,"column":17}},{"start":{"line":3,"column":22},"end":{"line":3,"column":33}}]},"3":{"line":6,"type":"cond-expr","locations":[{"start":{"line":6,"column":46},"end":{"line":6,"column":67}},{"start":{"line":6,"column":70},"end":{"line":6,"column":148}}]}}},"/Users/joshjarmain/Development/nanny/service/server/routes/author.js":{"path":"/Users/joshjarmain/Development/nanny/service/server/routes/author.js","s":{"1":1,"2":2,"3":1,"4":2,"5":2,"6":0,"7":1,"8":0,"9":0,"10":0,"11":1,"12":4,"13":2,"14":2,"15":1,"16":1,"17":1,"18":1,"19":1,"20":1,"21":1,"22":1,"23":1,"24":1,"25":1,"26":1,"27":1},"b":{"1":[1,1,1],"2":[2,2],"3":[2,2]},"f":{"1":2,"2":2,"3":2,"4":0,"5":4,"6":2,"7":1,"8":1,"9":1,"10":1},"fnMap":{"1":{"name":"(anonymous_1)","line":2,"loc":{"start":{"line":2,"column":44},"end":{"line":2,"column":89}}},"2":{"name":"(anonymous_2)","line":3,"loc":{"start":{"line":3,"column":36},"end":{"line":3,"column":63}}},"3":{"name":"fulfilled","line":4,"loc":{"start":{"line":4,"column":8},"end":{"line":4,"column":34}}},"4":{"name":"rejected","line":5,"loc":{"start":{"line":5,"column":8},"end":{"line":5,"column":33}}},"5":{"name":"step","line":6,"loc":{"start":{"line":6,"column":8},"end":{"line":6,"column":30}}},"6":{"name":"(anonymous_6)","line":6,"loc":{"start":{"line":6,"column":76},"end":{"line":6,"column":95}}},"7":{"name":"(anonymous_7)","line":13,"loc":{"start":{"line":13,"column":15},"end":{"line":13,"column":18}}},"8":{"name":"(anonymous_8)","line":16,"loc":{"start":{"line":16,"column":13},"end":{"line":16,"column":16}}},"9":{"name":"(anonymous_9)","line":17,"loc":{"start":{"line":17,"column":90},"end":{"line":17,"column":103}}},"10":{"name":"(anonymous_10)","line":21,"loc":{"start":{"line":21,"column":91},"end":{"line":21,"column":104}}}},"statementMap":{"1":{"start":{"line":2,"column":0},"end":{"line":9,"column":2}},"2":{"start":{"line":3,"column":4},"end":{"line":8,"column":7}},"3":{"start":{"line":4,"column":8},"end":{"line":4,"column":99}},"4":{"start":{"line":4,"column":36},"end":{"line":4,"column":97}},"5":{"start":{"line":4,"column":42},"end":{"line":4,"column":70}},"6":{"start":{"line":4,"column":85},"end":{"line":4,"column":95}},"7":{"start":{"line":5,"column":8},"end":{"line":5,"column":99}},"8":{"start":{"line":5,"column":35},"end":{"line":5,"column":97}},"9":{"start":{"line":5,"column":41},"end":{"line":5,"column":70}},"10":{"start":{"line":5,"column":85},"end":{"line":5,"column":95}},"11":{"start":{"line":6,"column":8},"end":{"line":6,"column":151}},"12":{"start":{"line":6,"column":32},"end":{"line":6,"column":149}},"13":{"start":{"line":6,"column":97},"end":{"line":6,"column":119}},"14":{"start":{"line":7,"column":8},"end":{"line":7,"column":72}},"15":{"start":{"line":10,"column":0},"end":{"line":10,"column":37}},"16":{"start":{"line":11,"column":0},"end":{"line":11,"column":50}},"17":{"start":{"line":14,"column":8},"end":{"line":14,"column":41}},"18":{"start":{"line":17,"column":8},"end":{"line":20,"column":12}},"19":{"start":{"line":17,"column":58},"end":{"line":20,"column":10}},"20":{"start":{"line":18,"column":12},"end":{"line":18,"column":72}},"21":{"start":{"line":19,"column":12},"end":{"line":19,"column":35}},"22":{"start":{"line":21,"column":8},"end":{"line":24,"column":12}},"23":{"start":{"line":21,"column":59},"end":{"line":24,"column":10}},"24":{"start":{"line":22,"column":12},"end":{"line":22,"column":69}},"25":{"start":{"line":23,"column":12},"end":{"line":23,"column":46}},"26":{"start":{"line":25,"column":8},"end":{"line":25,"column":27}},"27":{"start":{"line":28,"column":0},"end":{"line":28,"column":36}}},"branchMap":{"1":{"line":2,"type":"binary-expr","locations":[{"start":{"line":2,"column":17},"end":{"line":2,"column":21}},{"start":{"line":2,"column":25},"end":{"line":2,"column":39}},{"start":{"line":2,"column":44},"end":{"line":9,"column":1}}]},"2":{"line":3,"type":"binary-expr","locations":[{"start":{"line":3,"column":16},"end":{"line":3,"column":17}},{"start":{"line":3,"column":22},"end":{"line":3,"column":33}}]},"3":{"line":6,"type":"cond-expr","locations":[{"start":{"line":6,"column":46},"end":{"line":6,"column":67}},{"start":{"line":6,"column":70},"end":{"line":6,"column":148}}]}}}}