{"/Users/joshjarmain/Development/nanny/service/server/utils/utils.js":{"path":"/Users/joshjarmain/Development/nanny/service/server/utils/utils.js","s":{"1":3,"2":1,"3":1},"b":{"1":[2,1],"2":[3,1]},"f":{"1":3},"fnMap":{"1":{"name":"(anonymous_1)","line":3,"loc":{"start":{"line":3,"column":28},"end":{"line":3,"column":36}}}},"statementMap":{"1":{"start":{"line":4,"column":8},"end":{"line":4,"column":68}},"2":{"start":{"line":7,"column":0},"end":{"line":7,"column":62}},"3":{"start":{"line":8,"column":0},"end":{"line":8,"column":24}}},"branchMap":{"1":{"line":4,"type":"cond-expr","locations":[{"start":{"line":4,"column":55},"end":{"line":4,"column":59}},{"start":{"line":4,"column":62},"end":{"line":4,"column":67}}]},"2":{"line":4,"type":"binary-expr","locations":[{"start":{"line":4,"column":15},"end":{"line":4,"column":29}},{"start":{"line":4,"column":33},"end":{"line":4,"column":52}}]}}}}