TN:
SF:/Users/joshjarmain/Development/nanny/service/server/handlers/manifest.js
FN:2,(anonymous_1)
FN:3,(anonymous_2)
FN:4,fulfilled
FN:5,rejected
FN:6,step
FN:6,(anonymous_6)
FN:12,(anonymous_7)
FN:13,(anonymous_8)
FNF:8
FNH:0
FNDA:0,(anonymous_1)
FNDA:0,(anonymous_2)
FNDA:0,fulfilled
FNDA:0,rejected
FNDA:0,step
FNDA:0,(anonymous_6)
FNDA:0,(anonymous_7)
FNDA:0,(anonymous_8)
DA:2,1
DA:3,0
DA:4,1
DA:5,1
DA:6,1
DA:7,0
DA:10,1
DA:13,0
DA:14,0
DA:18,1
DA:19,1
LF:11
LH:7
BRDA:2,1,0,1
BRDA:2,1,1,1
BRDA:2,1,2,1
BRDA:3,2,0,0
BRDA:3,2,1,0
BRDA:6,3,0,0
BRDA:6,3,1,0
BRF:7
BRH:3
end_of_record
TN:
SF:/Users/joshjarmain/Development/nanny/service/server/models/manifest.js
FNF:0
FNH:0
DA:3,1
DA:4,1
DA:5,1
DA:15,1
DA:16,0
DA:21,1
LF:6
LH:5
BRF:0
BRH:0
end_of_record
TN:
SF:/Users/joshjarmain/Development/nanny/service/server/config/db.js
FNF:0
FNH:0
DA:2,1
DA:3,1
DA:4,1
DA:5,1
DA:6,1
DA:7,0
DA:10,1
LF:7
LH:6
BRDA:6,1,0,0
BRDA:6,1,1,1
BRF:2
BRH:1
end_of_record
TN:
SF:/Users/joshjarmain/Development/nanny/service/server/utils/utils.js
FN:3,(anonymous_1)
FNF:1
FNH:1
FNDA:3,(anonymous_1)
DA:4,3
DA:7,1
DA:8,1
LF:3
LH:3
BRDA:4,1,0,2
BRDA:4,1,1,1
BRDA:4,2,0,3
BRDA:4,2,1,1
BRF:4
BRH:4
end_of_record
