TN:
SF:/Users/joshjarmain/Development/nanny/service/server/models/models.js
FN:2,__export
FNF:1
FNH:1
FNDA:2,__export
DA:2,1
DA:3,2
DA:5,1
DA:6,1
LF:4
LH:4
BRDA:3,1,0,2
BRDA:3,1,1,0
BRF:2
BRH:1
end_of_record
TN:
SF:/Users/joshjarmain/Development/nanny/service/server/models/author/model.js
FNF:0
FNH:0
DA:2,1
DA:3,1
DA:4,1
DA:20,1
DA:21,1
DA:31,1
DA:32,1
DA:42,1
LF:8
LH:8
BRF:0
BRH:0
end_of_record
TN:
SF:/Users/joshjarmain/Development/nanny/service/server/services/database.js
FNF:0
FNH:0
DA:2,1
DA:3,1
DA:4,1
DA:5,1
DA:6,1
DA:7,1
DA:10,0
LF:7
LH:6
BRDA:6,1,0,1
BRDA:6,1,1,0
BRF:2
BRH:1
end_of_record
TN:
SF:/Users/joshjarmain/Development/nanny/service/server/models/post/model.js
FNF:0
FNH:0
DA:3,1
DA:4,1
DA:5,1
DA:17,1
DA:18,1
DA:23,1
LF:6
LH:6
BRF:0
BRH:0
end_of_record
TN:
SF:/Users/joshjarmain/Development/nanny/service/server/app.js
FNF:0
FNH:0
DA:2,1
DA:3,1
DA:4,1
DA:5,1
DA:6,1
DA:7,1
DA:8,1
DA:11,1
DA:12,0
DA:16,1
DA:17,0
DA:18,0
DA:22,1
DA:23,1
DA:24,1
DA:25,1
LF:16
LH:13
BRDA:17,1,0,0
BRDA:17,1,1,0
BRF:2
BRH:0
end_of_record
TN:
SF:/Users/joshjarmain/Development/nanny/service/server/routes/post.js
FN:2,(anonymous_1)
FN:3,(anonymous_2)
FN:4,fulfilled
FN:5,rejected
FN:6,step
FN:6,(anonymous_6)
FN:14,(anonymous_7)
FN:16,(anonymous_8)
FN:20,(anonymous_9)
FNF:9
FNH:1
FNDA:0,(anonymous_1)
FNDA:0,(anonymous_2)
FNDA:0,fulfilled
FNDA:0,rejected
FNDA:0,step
FNDA:0,(anonymous_6)
FNDA:1,(anonymous_7)
FNDA:0,(anonymous_8)
FNDA:0,(anonymous_9)
DA:2,1
DA:3,0
DA:4,1
DA:5,1
DA:6,1
DA:7,0
DA:10,1
DA:11,1
DA:12,1
DA:15,1
DA:16,0
DA:17,0
DA:18,0
DA:20,0
DA:21,0
DA:22,0
DA:23,0
DA:24,0
DA:25,0
DA:29,1
LF:20
LH:9
BRDA:2,1,0,1
BRDA:2,1,1,1
BRDA:2,1,2,1
BRDA:3,2,0,0
BRDA:3,2,1,0
BRDA:6,3,0,0
BRDA:6,3,1,0
BRF:7
BRH:3
end_of_record
TN:
SF:/Users/joshjarmain/Development/nanny/service/server/routes/author.js
FN:2,(anonymous_1)
FN:3,(anonymous_2)
FN:4,fulfilled
FN:5,rejected
FN:6,step
FN:6,(anonymous_6)
FN:13,(anonymous_7)
FN:16,(anonymous_8)
FN:17,(anonymous_9)
FN:21,(anonymous_10)
FNF:10
FNH:9
FNDA:2,(anonymous_1)
FNDA:2,(anonymous_2)
FNDA:2,fulfilled
FNDA:0,rejected
FNDA:4,step
FNDA:2,(anonymous_6)
FNDA:1,(anonymous_7)
FNDA:1,(anonymous_8)
FNDA:1,(anonymous_9)
FNDA:1,(anonymous_10)
DA:2,1
DA:3,2
DA:4,2
DA:5,1
DA:6,4
DA:7,2
DA:10,1
DA:11,1
DA:14,1
DA:17,1
DA:18,1
DA:19,1
DA:21,1
DA:22,1
DA:23,1
DA:25,1
DA:28,1
LF:17
LH:17
BRDA:2,1,0,1
BRDA:2,1,1,1
BRDA:2,1,2,1
BRDA:3,2,0,2
BRDA:3,2,1,2
BRDA:6,3,0,2
BRDA:6,3,1,2
BRF:7
BRH:7
end_of_record
